<html>
<head>
<title>TestNG:  Test</title>
<link href="../testng.css" rel="stylesheet" type="text/css" />
<link href="../my-testng.css" rel="stylesheet" type="text/css" />

<style type="text/css">
.log { display: none;} 
.stack-trace { display: none;} 
</style>
<script type="text/javascript">
<!--
function flip(e) {
  current = e.style.display;
  if (current == 'block') {
    e.style.display = 'none';
    return 0;
  }
  else {
    e.style.display = 'block';
    return 1;
  }
}

function toggleBox(szDivId, elem, msg1, msg2)
{
  var res = -1;  if (document.getElementById) {
    res = flip(document.getElementById(szDivId));
  }
  else if (document.all) {
    // this is the way old msie versions work
    res = flip(document.all[szDivId]);
  }
  if(elem) {
    if(res == 0) elem.innerHTML = msg1; else elem.innerHTML = msg2;
  }

}

function toggleAllBoxes() {
  if (document.getElementsByTagName) {
    d = document.getElementsByTagName('div');
    for (i = 0; i < d.length; i++) {
      if (d[i].className == 'log') {
        flip(d[i]);
      }
    }
  }
}

// -->
</script>

</head>
<body>
<h2 align='center'>Test</h2><table border='1' align="center">
<tr>
<td>Tests passed/Failed/Skipped:</td><td>18/2/0</td>
</tr><tr>
<td>Started on:</td><td>Mon Apr 14 18:13:24 IST 2025</td>
</tr>
<tr><td>Total time:</td><td>659 seconds (659331 ms)</td>
</tr><tr>
<td>Included groups:</td><td>smoke </td>
</tr><tr>
<td>Excluded groups:</td><td></td>
</tr>
</table><p/>
<small><i>(Hover the method name to see the test class name)</i></small><p/>
<table width='100%' border='1' class='invocation-failed'>
<tr><td colspan='4' align='center'><b>FAILED TESTS</b></td></tr>
<tr><td><b>Test method</b></td>
<td><b>Attribute(s)</b></td>
<td width="30%"><b>Exception</b></td>
<td width="10%"><b>Time (seconds)</b></td>
<td><b>Instance</b></td>
</tr>
<tr>
<td title='testCases.FormPageTest.femaleGenderTest()'><b>femaleGenderTest</b><br>Test class: testCases.FormPageTest<br>Parameters: {name=Raj, country=Austria, product=Converse All Star, genderFemale=Female, genderMale=Male}</td>
<td><div><pre>java.lang.IllegalArgumentException: Keys to send should be a not null CharSequence
	at org.openqa.selenium.remote.RemoteWebElement.sendKeys(RemoteWebElement.java:96)
	at io.appium.java_client.pagefactory.ElementInterceptor.getObject(ElementInterceptor.java:42)
	at io.appium.java_client.pagefactory.interceptors.InterceptorOfASingleElement.call(InterceptorOfASingleElement.java:79)
	at io.appium.java_client.proxy.Interceptor.intercept(Interceptor.java:78)
	at org.openqa.selenium.remote.RemoteWebElement$ByteBuddy$7qSzMuHk.sendKeys(Unknown Source)
	at AppiumFramework.pageObjects.android.FormPage.setNameField(FormPage.java:46)
	at testCases.FormPageTest.femaleGenderTest(FormPageTest.java:48)
	at java.base/java.util.ArrayList.forEach(ArrayList.java:1597)
... Removed 31 stack frames</pre></div><a href='#' onClick='toggleBox("stack-trace1923298070", this, "Click to show all stack frames", "Click to hide stack frames")'>Click to show all stack frames</a>
<div class='stack-trace' id='stack-trace1923298070'><pre>java.lang.IllegalArgumentException: Keys to send should be a not null CharSequence
	at org.openqa.selenium.remote.RemoteWebElement.sendKeys(RemoteWebElement.java:96)
	at java.base/jdk.internal.reflect.DirectMethodHandleAccessor.invoke(DirectMethodHandleAccessor.java:103)
	at java.base/java.lang.reflect.Method.invoke(Method.java:580)
	at io.appium.java_client.pagefactory.ElementInterceptor.getObject(ElementInterceptor.java:42)
	at io.appium.java_client.pagefactory.interceptors.InterceptorOfASingleElement.call(InterceptorOfASingleElement.java:79)
	at io.appium.java_client.proxy.Interceptor.intercept(Interceptor.java:78)
	at org.openqa.selenium.remote.RemoteWebElement$ByteBuddy$7qSzMuHk.sendKeys(Unknown Source)
	at AppiumFramework.pageObjects.android.FormPage.setNameField(FormPage.java:46)
	at testCases.FormPageTest.femaleGenderTest(FormPageTest.java:48)
	at java.base/jdk.internal.reflect.DirectMethodHandleAccessor.invoke(DirectMethodHandleAccessor.java:103)
	at java.base/java.lang.reflect.Method.invoke(Method.java:580)
	at org.testng.internal.invokers.MethodInvocationHelper.invokeMethod(MethodInvocationHelper.java:141)
	at org.testng.internal.invokers.TestInvoker.invokeMethod(TestInvoker.java:686)
	at org.testng.internal.invokers.TestInvoker.invokeTestMethod(TestInvoker.java:230)
	at org.testng.internal.invokers.MethodRunner.runInSequence(MethodRunner.java:63)
	at org.testng.internal.invokers.TestInvoker$MethodInvocationAgent.invoke(TestInvoker.java:992)
	at org.testng.internal.invokers.TestInvoker.invokeTestMethods(TestInvoker.java:203)
	at org.testng.internal.invokers.TestMethodWorker.invokeTestMethods(TestMethodWorker.java:154)
	at org.testng.internal.invokers.TestMethodWorker.run(TestMethodWorker.java:134)
	at java.base/java.util.ArrayList.forEach(ArrayList.java:1597)
	at org.testng.TestRunner.privateRun(TestRunner.java:739)
	at org.testng.TestRunner.run(TestRunner.java:614)
	at org.testng.SuiteRunner.runTest(SuiteRunner.java:421)
	at org.testng.SuiteRunner.runSequentially(SuiteRunner.java:413)
	at org.testng.SuiteRunner.privateRun(SuiteRunner.java:373)
	at org.testng.SuiteRunner.run(SuiteRunner.java:312)
	at org.testng.SuiteRunnerWorker.runSuite(SuiteRunnerWorker.java:52)
	at org.testng.SuiteRunnerWorker.run(SuiteRunnerWorker.java:95)
	at org.testng.TestNG.runSuitesSequentially(TestNG.java:1274)
	at org.testng.TestNG.runSuitesLocally(TestNG.java:1208)
	at org.testng.TestNG.runSuites(TestNG.java:1112)
	at org.testng.TestNG.run(TestNG.java:1079)
	at org.apache.maven.surefire.testng.TestNGExecutor.run(TestNGExecutor.java:308)
	at org.apache.maven.surefire.testng.TestNGXmlTestSuite.execute(TestNGXmlTestSuite.java:71)
	at org.apache.maven.surefire.testng.TestNGProvider.invoke(TestNGProvider.java:113)
	at org.apache.maven.surefire.booter.ForkedBooter.runSuitesInProcess(ForkedBooter.java:385)
	at org.apache.maven.surefire.booter.ForkedBooter.execute(ForkedBooter.java:162)
	at org.apache.maven.surefire.booter.ForkedBooter.run(ForkedBooter.java:507)
	at org.apache.maven.surefire.booter.ForkedBooter.main(ForkedBooter.java:495)
</pre></div></td>
<td>4</td>
<td>testCases.FormPageTest@798162bc</td></tr>
<tr>
<td title='testCases.FormPageTest.verifyAppTitle()'><b>verifyAppTitle</b><br>Test class: testCases.FormPageTest</td>
<td><div><pre>org.openqa.selenium.NoSuchElementException: Can&apos;t locate an element by this strategy: By.chained({AppiumBy.id: com.androidsample.generalstore:id/toolbar_title})
	at io.appium.java_client.pagefactory.AppiumElementLocator.findElement(AppiumElementLocator.java:166)
	at io.appium.java_client.pagefactory.interceptors.InterceptorOfASingleElement.call(InterceptorOfASingleElement.java:75)
	at io.appium.java_client.proxy.Interceptor.intercept(Interceptor.java:78)
	at org.openqa.selenium.remote.RemoteWebElement$ByteBuddy$7qSzMuHk.getText(Unknown Source)
	at AppiumFramework.pageObjects.android.FormPage.getAppTitle(FormPage.java:75)
	at testCases.FormPageTest.verifyAppTitle(FormPageTest.java:58)
	at java.base/java.util.ArrayList.forEach(ArrayList.java:1597)
Caused by: org.openqa.selenium.TimeoutException: Expected condition failed: waiting for io.appium.java_client.pagefactory.AppiumElementLocator$WaitingFunction@3ea9a091 (tried for 1 second(s) with 500 milliseconds interval)
	at org.openqa.selenium.support.ui.FluentWait.timeoutException(FluentWait.java:265)
	at org.openqa.selenium.support.ui.FluentWait.until(FluentWait.java:228)
	at io.appium.java_client.pagefactory.AppiumElementLocator.waitFor(AppiumElementLocator.java:135)
	at io.appium.java_client.pagefactory.AppiumElementLocator.findElement(AppiumElementLocator.java:160)
	... 35 more
Caused by: org.openqa.selenium.NoSuchElementException: Cannot locate an element using By.chained({AppiumBy.id: com.androidsample.generalstore:id/toolbar_title})
For documentation on this error, please visit: https://www.selenium.dev/documentation/webdriver/troubleshooting/errors#no-such-element-exception
Build info: version: &apos;4.31.0&apos;, revision: &apos;1ef9f18787*&apos;
System info: os.name: &apos;Windows 11&apos;, os.arch: &apos;amd64&apos;, os.version: &apos;10.0&apos;, java.version: &apos;22.0.2&apos;
Driver info: driver.version: RemoteWebDriver
	at io.appium.java_client.pagefactory.bys.builder.ByChained.findElement(ByChained.java:74)
	at org.openqa.selenium.remote.ElementLocation$ElementFinder$1.findElement(ElementLocation.java:139)
	at org.openqa.selenium.remote.ElementLocation.findElement(ElementLocation.java:59)
	at org.openqa.selenium.remote.RemoteWebDriver.findElement(RemoteWebDriver.java:368)
	at org.openqa.selenium.remote.RemoteWebDriver.findElement(RemoteWebDriver.java:362)
	at io.appium.java_client.pagefactory.bys.ContentMappedBy.findElement(ContentMappedBy.java:54)
	at org.openqa.selenium.remote.ElementLocation$ElementFinder$1.findElement(ElementLocation.java:139)
	at org.openqa.selenium.remote.ElementLocation.findElement(ElementLocation.java:59)
	at org.openqa.selenium.remote.RemoteWebDriver.findElement(RemoteWebDriver.java:368)
	at org.openqa.selenium.remote.RemoteWebDriver.findElement(RemoteWebDriver.java:362)
	at io.appium.java_client.pagefactory.AppiumElementLocator.lambda$findElement$1(AppiumElementLocator.java:160)
	at io.appium.java_client.pagefactory.AppiumElementLocator$WaitingFunction.apply(AppiumElementLocator.java:217)
	at io.appium.java_client.pagefactory.AppiumElementLocator$WaitingFunction.apply(AppiumElementLocator.java:210)
	at org.openqa.selenium.support.ui.FluentWait.until(FluentWait.java:203)
	... 37 more
... Removed 29 stack frames</pre></div><a href='#' onClick='toggleBox("stack-trace88332821", this, "Click to show all stack frames", "Click to hide stack frames")'>Click to show all stack frames</a>
<div class='stack-trace' id='stack-trace88332821'><pre>org.openqa.selenium.NoSuchElementException: Can&apos;t locate an element by this strategy: By.chained({AppiumBy.id: com.androidsample.generalstore:id/toolbar_title})
	at io.appium.java_client.pagefactory.AppiumElementLocator.findElement(AppiumElementLocator.java:166)
	at io.appium.java_client.pagefactory.interceptors.InterceptorOfASingleElement.call(InterceptorOfASingleElement.java:75)
	at io.appium.java_client.proxy.Interceptor.intercept(Interceptor.java:78)
	at org.openqa.selenium.remote.RemoteWebElement$ByteBuddy$7qSzMuHk.getText(Unknown Source)
	at AppiumFramework.pageObjects.android.FormPage.getAppTitle(FormPage.java:75)
	at testCases.FormPageTest.verifyAppTitle(FormPageTest.java:58)
	at java.base/jdk.internal.reflect.DirectMethodHandleAccessor.invoke(DirectMethodHandleAccessor.java:103)
	at java.base/java.lang.reflect.Method.invoke(Method.java:580)
	at org.testng.internal.invokers.MethodInvocationHelper.invokeMethod(MethodInvocationHelper.java:141)
	at org.testng.internal.invokers.TestInvoker.invokeMethod(TestInvoker.java:686)
	at org.testng.internal.invokers.TestInvoker.invokeTestMethod(TestInvoker.java:230)
	at org.testng.internal.invokers.MethodRunner.runInSequence(MethodRunner.java:63)
	at org.testng.internal.invokers.TestInvoker$MethodInvocationAgent.invoke(TestInvoker.java:992)
	at org.testng.internal.invokers.TestInvoker.invokeTestMethods(TestInvoker.java:203)
	at org.testng.internal.invokers.TestMethodWorker.invokeTestMethods(TestMethodWorker.java:154)
	at org.testng.internal.invokers.TestMethodWorker.run(TestMethodWorker.java:134)
	at java.base/java.util.ArrayList.forEach(ArrayList.java:1597)
	at org.testng.TestRunner.privateRun(TestRunner.java:739)
	at org.testng.TestRunner.run(TestRunner.java:614)
	at org.testng.SuiteRunner.runTest(SuiteRunner.java:421)
	at org.testng.SuiteRunner.runSequentially(SuiteRunner.java:413)
	at org.testng.SuiteRunner.privateRun(SuiteRunner.java:373)
	at org.testng.SuiteRunner.run(SuiteRunner.java:312)
	at org.testng.SuiteRunnerWorker.runSuite(SuiteRunnerWorker.java:52)
	at org.testng.SuiteRunnerWorker.run(SuiteRunnerWorker.java:95)
	at org.testng.TestNG.runSuitesSequentially(TestNG.java:1274)
	at org.testng.TestNG.runSuitesLocally(TestNG.java:1208)
	at org.testng.TestNG.runSuites(TestNG.java:1112)
	at org.testng.TestNG.run(TestNG.java:1079)
	at org.apache.maven.surefire.testng.TestNGExecutor.run(TestNGExecutor.java:308)
	at org.apache.maven.surefire.testng.TestNGXmlTestSuite.execute(TestNGXmlTestSuite.java:71)
	at org.apache.maven.surefire.testng.TestNGProvider.invoke(TestNGProvider.java:113)
	at org.apache.maven.surefire.booter.ForkedBooter.runSuitesInProcess(ForkedBooter.java:385)
	at org.apache.maven.surefire.booter.ForkedBooter.execute(ForkedBooter.java:162)
	at org.apache.maven.surefire.booter.ForkedBooter.run(ForkedBooter.java:507)
	at org.apache.maven.surefire.booter.ForkedBooter.main(ForkedBooter.java:495)
Caused by: org.openqa.selenium.TimeoutException: Expected condition failed: waiting for io.appium.java_client.pagefactory.AppiumElementLocator$WaitingFunction@3ea9a091 (tried for 1 second(s) with 500 milliseconds interval)
	at org.openqa.selenium.support.ui.FluentWait.timeoutException(FluentWait.java:265)
	at org.openqa.selenium.support.ui.FluentWait.until(FluentWait.java:228)
	at io.appium.java_client.pagefactory.AppiumElementLocator.waitFor(AppiumElementLocator.java:135)
	at io.appium.java_client.pagefactory.AppiumElementLocator.findElement(AppiumElementLocator.java:160)
	... 35 more
Caused by: org.openqa.selenium.NoSuchElementException: Cannot locate an element using By.chained({AppiumBy.id: com.androidsample.generalstore:id/toolbar_title})
For documentation on this error, please visit: https://www.selenium.dev/documentation/webdriver/troubleshooting/errors#no-such-element-exception
Build info: version: &apos;4.31.0&apos;, revision: &apos;1ef9f18787*&apos;
System info: os.name: &apos;Windows 11&apos;, os.arch: &apos;amd64&apos;, os.version: &apos;10.0&apos;, java.version: &apos;22.0.2&apos;
Driver info: driver.version: RemoteWebDriver
	at io.appium.java_client.pagefactory.bys.builder.ByChained.findElement(ByChained.java:74)
	at org.openqa.selenium.remote.ElementLocation$ElementFinder$1.findElement(ElementLocation.java:139)
	at org.openqa.selenium.remote.ElementLocation.findElement(ElementLocation.java:59)
	at org.openqa.selenium.remote.RemoteWebDriver.findElement(RemoteWebDriver.java:368)
	at org.openqa.selenium.remote.RemoteWebDriver.findElement(RemoteWebDriver.java:362)
	at io.appium.java_client.pagefactory.bys.ContentMappedBy.findElement(ContentMappedBy.java:54)
	at org.openqa.selenium.remote.ElementLocation$ElementFinder$1.findElement(ElementLocation.java:139)
	at org.openqa.selenium.remote.ElementLocation.findElement(ElementLocation.java:59)
	at org.openqa.selenium.remote.RemoteWebDriver.findElement(RemoteWebDriver.java:368)
	at org.openqa.selenium.remote.RemoteWebDriver.findElement(RemoteWebDriver.java:362)
	at io.appium.java_client.pagefactory.AppiumElementLocator.lambda$findElement$1(AppiumElementLocator.java:160)
	at io.appium.java_client.pagefactory.AppiumElementLocator$WaitingFunction.apply(AppiumElementLocator.java:217)
	at io.appium.java_client.pagefactory.AppiumElementLocator$WaitingFunction.apply(AppiumElementLocator.java:210)
	at org.openqa.selenium.support.ui.FluentWait.until(FluentWait.java:203)
	... 37 more
</pre></div></td>
<td>1</td>
<td>testCases.FormPageTest@798162bc</td></tr>
</table><p>
<table width='100%' border='1' class='invocation-passed'>
<tr><td colspan='4' align='center'><b>PASSED TESTS</b></td></tr>
<tr><td><b>Test method</b></td>
<td><b>Attribute(s)</b></td>
<td width="30%"><b>Exception</b></td>
<td width="10%"><b>Time (seconds)</b></td>
<td><b>Instance</b></td>
</tr>
<tr>
<td title='testCases.CartPageTest.isCartVisible()'><b>isCartVisible</b><br>Test class: testCases.CartPageTest<br>Parameters: {name=Raj, country=Austria, product=Converse All Star, genderFemale=Female, genderMale=Male}</td>
<td></td>
<td>17</td>
<td>testCases.CartPageTest@69504ae9</td></tr>
<tr>
<td title='testCases.ProductPageTest.backButtonEnable()'><b>backButtonEnable</b><br>Test class: testCases.ProductPageTest<br>Parameters: {name=Raj, country=Austria, product=Converse All Star, genderFemale=Female, genderMale=Male}</td>
<td></td>
<td>16</td>
<td>testCases.ProductPageTest@1df8da7a</td></tr>
<tr>
<td title='testCases.CartPageTest.productInCart()'><b>productInCart</b><br>Test class: testCases.CartPageTest<br>Parameters: {name=Raj, country=Austria, product=Converse All Star, genderFemale=Female, genderMale=Male}</td>
<td></td>
<td>17</td>
<td>testCases.CartPageTest@69504ae9</td></tr>
<tr>
<td title='testCases.CartPageTest.productPriceSumVerification()'><b>productPriceSumVerification</b><br>Test class: testCases.CartPageTest<br>Parameters: {name=Raj, country=Austria, product=Converse All Star, genderFemale=Female, genderMale=Male}</td>
<td></td>
<td>17</td>
<td>testCases.CartPageTest@69504ae9</td></tr>
<tr>
<td title='testCases.CartPageTest.backButtonVerification()'><b>backButtonVerification</b><br>Test class: testCases.CartPageTest<br>Parameters: {name=Raj, country=Austria, product=Converse All Star, genderFemale=Female, genderMale=Male}</td>
<td></td>
<td>18</td>
<td>testCases.CartPageTest@69504ae9</td></tr>
<tr>
<td title='testCases.FormPageTest.emptyNameFillForm()'><b>emptyNameFillForm</b><br>Test class: testCases.FormPageTest<br>Parameters: {name=Raj, country=Austria, product=Converse All Star, genderFemale=Female, genderMale=Male}</td>
<td></td>
<td>12</td>
<td>testCases.FormPageTest@798162bc</td></tr>
<tr>
<td title='testCases.FormPageTest.FillForm()'><b>FillForm</b><br>Test class: testCases.FormPageTest<br>Parameters: {name=Raj, country=Austria, product=Converse All Star, genderFemale=Female, genderMale=Male}</td>
<td></td>
<td>35</td>
<td>testCases.FormPageTest@798162bc</td></tr>
<tr>
<td title='testCases.ProductPageTest.counterTextValidation()'><b>counterTextValidation</b><br>Test class: testCases.ProductPageTest<br>Parameters: {name=Raj, country=Austria, product=Converse All Star, genderFemale=Female, genderMale=Male}</td>
<td></td>
<td>15</td>
<td>testCases.ProductPageTest@1df8da7a</td></tr>
<tr>
<td title='testCases.CartPageTest.productAmountVerification()'><b>productAmountVerification</b><br>Test class: testCases.CartPageTest<br>Parameters: {name=Raj, country=Austria, product=Converse All Star, genderFemale=Female, genderMale=Male}</td>
<td></td>
<td>17</td>
<td>testCases.CartPageTest@69504ae9</td></tr>
<tr>
<td title='testCases.ProductPageTest.goToCartWithoutAddingProducts()'><b>goToCartWithoutAddingProducts</b><br>Test class: testCases.ProductPageTest<br>Parameters: {name=Raj, country=Austria, product=Converse All Star, genderFemale=Female, genderMale=Male}</td>
<td></td>
<td>17</td>
<td>testCases.ProductPageTest@1df8da7a</td></tr>
<tr>
<td title='testCases.ProductPageTest.isProductCostVisible()'><b>isProductCostVisible</b><br>Test class: testCases.ProductPageTest<br>Parameters: {name=Raj, country=Austria, product=Converse All Star, genderFemale=Female, genderMale=Male}</td>
<td></td>
<td>15</td>
<td>testCases.ProductPageTest@1df8da7a</td></tr>
<tr>
<td title='testCases.CartPageTest.webViewVerification()'><b>webViewVerification</b><br>Test class: testCases.CartPageTest<br>Parameters: {name=Raj, country=Austria, product=Converse All Star, genderFemale=Female, genderMale=Male}</td>
<td></td>
<td>22</td>
<td>testCases.CartPageTest@69504ae9</td></tr>
<tr>
<td title='testCases.ProductPageTest.isProductNameVisible()'><b>isProductNameVisible</b><br>Test class: testCases.ProductPageTest<br>Parameters: {name=Raj, country=Austria, product=Converse All Star, genderFemale=Female, genderMale=Male}</td>
<td></td>
<td>14</td>
<td>testCases.ProductPageTest@1df8da7a</td></tr>
<tr>
<td title='testCases.FormPageTest.verifySubmitButtonEnable()'><b>verifySubmitButtonEnable</b><br>Test class: testCases.FormPageTest</td>
<td></td>
<td>4</td>
<td>testCases.FormPageTest@798162bc</td></tr>
<tr>
<td title='testCases.ProductPageTest.isProductVisibleInCart()'><b>isProductVisibleInCart</b><br>Test class: testCases.ProductPageTest<br>Parameters: {name=Raj, country=Austria, product=Converse All Star, genderFemale=Female, genderMale=Male}</td>
<td></td>
<td>16</td>
<td>testCases.ProductPageTest@1df8da7a</td></tr>
<tr>
<td title='testCases.ProductPageTest.scrollAndAddProductIntoCart()'><b>scrollAndAddProductIntoCart</b><br>Test class: testCases.ProductPageTest<br>Parameters: {name=Raj, country=Austria, product=Converse All Star, genderFemale=Female, genderMale=Male}</td>
<td></td>
<td>20</td>
<td>testCases.ProductPageTest@1df8da7a</td></tr>
<tr>
<td title='testCases.ProductPageTest.isProductIconVisible()'><b>isProductIconVisible</b><br>Test class: testCases.ProductPageTest<br>Parameters: {name=Raj, country=Austria, product=Converse All Star, genderFemale=Female, genderMale=Male}</td>
<td></td>
<td>15</td>
<td>testCases.ProductPageTest@1df8da7a</td></tr>
<tr>
<td title='testCases.CartPageTest.termsAndConditions()'><b>termsAndConditions</b><br>Test class: testCases.CartPageTest<br>Parameters: {name=Raj, country=Austria, product=Converse All Star, genderFemale=Female, genderMale=Male}</td>
<td></td>
<td>23</td>
<td>testCases.CartPageTest@69504ae9</td></tr>
</table><p>
</body>
</html>