<?xml version="1.0" encoding="UTF-8"?>
<!-- Generated by org.testng.reporters.JUnitXMLReporter -->
<testsuite ignored="0" hostname="KTLPT1144" failures="2" tests="20" name="Test" time="659.331" errors="0" timestamp="2025-04-14T18:24:23 IST">
  <testcase classname="testCases.CartPageTest" name="backButtonVerification" time="18.033"/>
  <testcase classname="testCases.CartPageTest" name="isCartVisible" time="17.086"/>
  <testcase classname="testCases.CartPageTest" name="productAmountVerification" time="17.114"/>
  <testcase classname="testCases.CartPageTest" name="productInCart" time="17.355"/>
  <testcase classname="testCases.CartPageTest" name="productPriceSumVerification" time="17.638"/>
  <testcase classname="testCases.CartPageTest" name="termsAndConditions" time="23.264"/>
  <testcase classname="testCases.CartPageTest" name="webViewVerification" time="22.108"/>
  <testcase classname="testCases.FormPageTest" name="FillForm" time="35.29"/>
  <testcase classname="testCases.FormPageTest" name="emptyNameFillForm" time="12.238"/>
  <testcase classname="testCases.FormPageTest" name="femaleGenderTest" time="4.394">
    <failure type="java.lang.IllegalArgumentException" message="Keys to send should be a not null CharSequence">
      <![CDATA[java.lang.IllegalArgumentException: Keys to send should be a not null CharSequence
at org.openqa.selenium.remote.RemoteWebElement.sendKeys(RemoteWebElement.java:96)
at io.appium.java_client.pagefactory.ElementInterceptor.getObject(ElementInterceptor.java:42)
at io.appium.java_client.pagefactory.interceptors.InterceptorOfASingleElement.call(InterceptorOfASingleElement.java:79)
at io.appium.java_client.proxy.Interceptor.intercept(Interceptor.java:78)
at org.openqa.selenium.remote.RemoteWebElement$ByteBuddy$7qSzMuHk.sendKeys(Unknown Source)
at AppiumFramework.pageObjects.android.FormPage.setNameField(FormPage.java:46)
at testCases.FormPageTest.femaleGenderTest(FormPageTest.java:48)
at java.base/java.util.ArrayList.forEach(ArrayList.java:1597)
... Removed 31 stack frames]]>
    </failure>
  </testcase> <!-- femaleGenderTest -->
  <testcase classname="testCases.FormPageTest" name="verifyAppTitle" time="1.785">
    <failure type="org.openqa.selenium.NoSuchElementException" message="Can&amp;apos;t locate an element by this strategy: By.chained({AppiumBy.id: com.androidsample.generalstore:id/toolbar_title})">
      <![CDATA[org.openqa.selenium.NoSuchElementException: Can't locate an element by this strategy: By.chained({AppiumBy.id: com.androidsample.generalstore:id/toolbar_title})
at io.appium.java_client.pagefactory.AppiumElementLocator.findElement(AppiumElementLocator.java:166)
at io.appium.java_client.pagefactory.interceptors.InterceptorOfASingleElement.call(InterceptorOfASingleElement.java:75)
at io.appium.java_client.proxy.Interceptor.intercept(Interceptor.java:78)
at org.openqa.selenium.remote.RemoteWebElement$ByteBuddy$7qSzMuHk.getText(Unknown Source)
at AppiumFramework.pageObjects.android.FormPage.getAppTitle(FormPage.java:75)
at testCases.FormPageTest.verifyAppTitle(FormPageTest.java:58)
at java.base/java.util.ArrayList.forEach(ArrayList.java:1597)
Caused by: org.openqa.selenium.TimeoutException: Expected condition failed: waiting for io.appium.java_client.pagefactory.AppiumElementLocator$WaitingFunction@3ea9a091 (tried for 1 second(s) with 500 milliseconds interval)
at org.openqa.selenium.support.ui.FluentWait.timeoutException(FluentWait.java:265)
at org.openqa.selenium.support.ui.FluentWait.until(FluentWait.java:228)
at io.appium.java_client.pagefactory.AppiumElementLocator.waitFor(AppiumElementLocator.java:135)
at io.appium.java_client.pagefactory.AppiumElementLocator.findElement(AppiumElementLocator.java:160)
... 35 more
Caused by: org.openqa.selenium.NoSuchElementException: Cannot locate an element using By.chained({AppiumBy.id: com.androidsample.generalstore:id/toolbar_title})
For documentation on this error, please visit: https://www.selenium.dev/documentation/webdriver/troubleshooting/errors#no-such-element-exception
Build info: version: '4.31.0', revision: '1ef9f18787*'
System info: os.name: 'Windows 11', os.arch: 'amd64', os.version: '10.0', java.version: '22.0.2'
Driver info: driver.version: RemoteWebDriver
at io.appium.java_client.pagefactory.bys.builder.ByChained.findElement(ByChained.java:74)
at org.openqa.selenium.remote.ElementLocation$ElementFinder$1.findElement(ElementLocation.java:139)
at org.openqa.selenium.remote.ElementLocation.findElement(ElementLocation.java:59)
at org.openqa.selenium.remote.RemoteWebDriver.findElement(RemoteWebDriver.java:368)
at org.openqa.selenium.remote.RemoteWebDriver.findElement(RemoteWebDriver.java:362)
at io.appium.java_client.pagefactory.bys.ContentMappedBy.findElement(ContentMappedBy.java:54)
at org.openqa.selenium.remote.ElementLocation$ElementFinder$1.findElement(ElementLocation.java:139)
at org.openqa.selenium.remote.ElementLocation.findElement(ElementLocation.java:59)
at org.openqa.selenium.remote.RemoteWebDriver.findElement(RemoteWebDriver.java:368)
at org.openqa.selenium.remote.RemoteWebDriver.findElement(RemoteWebDriver.java:362)
at io.appium.java_client.pagefactory.AppiumElementLocator.lambda$findElement$1(AppiumElementLocator.java:160)
at io.appium.java_client.pagefactory.AppiumElementLocator$WaitingFunction.apply(AppiumElementLocator.java:217)
at io.appium.java_client.pagefactory.AppiumElementLocator$WaitingFunction.apply(AppiumElementLocator.java:210)
at org.openqa.selenium.support.ui.FluentWait.until(FluentWait.java:203)
... 37 more
... Removed 29 stack frames]]>
    </failure>
  </testcase> <!-- verifyAppTitle -->
  <testcase classname="testCases.FormPageTest" name="verifySubmitButtonEnable" time="4.468"/>
  <testcase classname="testCases.ProductPageTest" name="backButtonEnable" time="16.314"/>
  <testcase classname="testCases.ProductPageTest" name="counterTextValidation" time="15.861"/>
  <testcase classname="testCases.ProductPageTest" name="goToCartWithoutAddingProducts" time="17.801"/>
  <testcase classname="testCases.ProductPageTest" name="isProductCostVisible" time="15.127"/>
  <testcase classname="testCases.ProductPageTest" name="isProductIconVisible" time="15.83"/>
  <testcase classname="testCases.ProductPageTest" name="isProductNameVisible" time="14.956"/>
  <testcase classname="testCases.ProductPageTest" name="isProductVisibleInCart" time="16.864"/>
  <testcase classname="testCases.ProductPageTest" name="scrollAndAddProductIntoCart" time="20.962"/>
</testsuite> <!-- Test -->
