<?xml version="1.0" encoding="UTF-8"?>
<testng-results ignored="0" total="20" passed="18" failed="2" skipped="0">
  <reporter-output>
  </reporter-output>
  <suite started-at="2025-04-14T18:13:24 IST" name="Suite" finished-at="2025-04-14T18:24:23 IST" duration-ms="659331">
    <groups>
      <group name="smoke">
        <method signature="CartPageTest.backButtonVerification(java.util.HashMap)[pri:0, instance:testCases.CartPageTest@69504ae9]" name="backButtonVerification" class="testCases.CartPageTest"/>
        <method signature="CartPageTest.isCartVisible(java.util.HashMap)[pri:0, instance:testCases.CartPageTest@69504ae9]" name="isCartVisible" class="testCases.CartPageTest"/>
        <method signature="CartPageTest.productAmountVerification(java.util.HashMap)[pri:0, instance:testCases.CartPageTest@69504ae9]" name="productAmountVerification" class="testCases.CartPageTest"/>
        <method signature="CartPageTest.productInCart(java.util.HashMap)[pri:0, instance:testCases.CartPageTest@69504ae9]" name="productInCart" class="testCases.CartPageTest"/>
        <method signature="CartPageTest.productPriceSumVerification(java.util.HashMap)[pri:0, instance:testCases.CartPageTest@69504ae9]" name="productPriceSumVerification" class="testCases.CartPageTest"/>
        <method signature="CartPageTest.termsAndConditions(java.util.HashMap)[pri:0, instance:testCases.CartPageTest@69504ae9]" name="termsAndConditions" class="testCases.CartPageTest"/>
        <method signature="CartPageTest.webViewVerification(java.util.HashMap)[pri:0, instance:testCases.CartPageTest@69504ae9]" name="webViewVerification" class="testCases.CartPageTest"/>
        <method signature="FormPageTest.FillForm(java.util.HashMap)[pri:0, instance:testCases.FormPageTest@798162bc]" name="FillForm" class="testCases.FormPageTest"/>
        <method signature="FormPageTest.emptyNameFillForm(java.util.HashMap)[pri:0, instance:testCases.FormPageTest@798162bc]" name="emptyNameFillForm" class="testCases.FormPageTest"/>
        <method signature="FormPageTest.femaleGenderTest(java.util.HashMap)[pri:0, instance:testCases.FormPageTest@798162bc]" name="femaleGenderTest" class="testCases.FormPageTest"/>
        <method signature="FormPageTest.verifyAppTitle()[pri:0, instance:testCases.FormPageTest@798162bc]" name="verifyAppTitle" class="testCases.FormPageTest"/>
        <method signature="FormPageTest.verifySubmitButtonEnable()[pri:0, instance:testCases.FormPageTest@798162bc]" name="verifySubmitButtonEnable" class="testCases.FormPageTest"/>
        <method signature="ProductPageTest.backButtonEnable(java.util.HashMap)[pri:0, instance:testCases.ProductPageTest@1df8da7a]" name="backButtonEnable" class="testCases.ProductPageTest"/>
        <method signature="ProductPageTest.counterTextValidation(java.util.HashMap)[pri:0, instance:testCases.ProductPageTest@1df8da7a]" name="counterTextValidation" class="testCases.ProductPageTest"/>
        <method signature="ProductPageTest.goToCartWithoutAddingProducts(java.util.HashMap)[pri:0, instance:testCases.ProductPageTest@1df8da7a]" name="goToCartWithoutAddingProducts" class="testCases.ProductPageTest"/>
        <method signature="ProductPageTest.isProductCostVisible(java.util.HashMap)[pri:0, instance:testCases.ProductPageTest@1df8da7a]" name="isProductCostVisible" class="testCases.ProductPageTest"/>
        <method signature="ProductPageTest.isProductIconVisible(java.util.HashMap)[pri:0, instance:testCases.ProductPageTest@1df8da7a]" name="isProductIconVisible" class="testCases.ProductPageTest"/>
        <method signature="ProductPageTest.isProductNameVisible(java.util.HashMap)[pri:0, instance:testCases.ProductPageTest@1df8da7a]" name="isProductNameVisible" class="testCases.ProductPageTest"/>
        <method signature="ProductPageTest.isProductVisibleInCart(java.util.HashMap)[pri:0, instance:testCases.ProductPageTest@1df8da7a]" name="isProductVisibleInCart" class="testCases.ProductPageTest"/>
        <method signature="ProductPageTest.scrollAndAddProductIntoCart(java.util.HashMap)[pri:0, instance:testCases.ProductPageTest@1df8da7a]" name="scrollAndAddProductIntoCart" class="testCases.ProductPageTest"/>
      </group> <!-- smoke -->
    </groups>
    <test started-at="2025-04-14T18:13:24 IST" name="Test" finished-at="2025-04-14T18:24:23 IST" duration-ms="659331">
      <class name="testCases.FormPageTest">
        <test-method is-config="true" signature="ConfigureAppium()[pri:0, instance:testCases.FormPageTest@798162bc]" started-at="2025-04-14T18:17:57 IST" name="ConfigureAppium" finished-at="2025-04-14T18:18:12 IST" duration-ms="15193" status="PASS">
          <reporter-output>
          </reporter-output>
        </test-method> <!-- ConfigureAppium -->
        <test-method signature="FillForm(java.util.HashMap)[pri:0, instance:testCases.FormPageTest@798162bc]" started-at="2025-04-14T18:18:12 IST" name="FillForm" data-provider="userData" finished-at="2025-04-14T18:18:47 IST" duration-ms="35290" status="PASS">
          <params>
            <param index="0">
              <value>
                <![CDATA[{name=Raj, country=Austria, product=Converse All Star, genderFemale=Female, genderMale=Male}]]>
              </value>
            </param>
          </params>
          <reporter-output>
          </reporter-output>
        </test-method> <!-- FillForm -->
        <test-method is-config="true" signature="TearDownMethod()[pri:0, instance:testCases.FormPageTest@798162bc]" started-at="2025-04-14T18:18:47 IST" name="TearDownMethod" finished-at="2025-04-14T18:18:48 IST" duration-ms="797" status="PASS">
          <reporter-output>
          </reporter-output>
        </test-method> <!-- TearDownMethod -->
        <test-method is-config="true" signature="ConfigureAppium()[pri:0, instance:testCases.FormPageTest@798162bc]" started-at="2025-04-14T18:18:48 IST" name="ConfigureAppium" finished-at="2025-04-14T18:19:03 IST" duration-ms="14632" status="PASS">
          <reporter-output>
          </reporter-output>
        </test-method> <!-- ConfigureAppium -->
        <test-method signature="emptyNameFillForm(java.util.HashMap)[pri:0, instance:testCases.FormPageTest@798162bc]" started-at="2025-04-14T18:19:03 IST" name="emptyNameFillForm" data-provider="userData" finished-at="2025-04-14T18:19:15 IST" duration-ms="12238" status="PASS">
          <params>
            <param index="0">
              <value>
                <![CDATA[{name=Raj, country=Austria, product=Converse All Star, genderFemale=Female, genderMale=Male}]]>
              </value>
            </param>
          </params>
          <reporter-output>
          </reporter-output>
        </test-method> <!-- emptyNameFillForm -->
        <test-method is-config="true" signature="TearDownMethod()[pri:0, instance:testCases.FormPageTest@798162bc]" started-at="2025-04-14T18:19:15 IST" name="TearDownMethod" finished-at="2025-04-14T18:19:16 IST" duration-ms="546" status="PASS">
          <reporter-output>
          </reporter-output>
        </test-method> <!-- TearDownMethod -->
        <test-method is-config="true" signature="ConfigureAppium()[pri:0, instance:testCases.FormPageTest@798162bc]" started-at="2025-04-14T18:19:16 IST" name="ConfigureAppium" finished-at="2025-04-14T18:19:29 IST" duration-ms="13834" status="PASS">
          <reporter-output>
          </reporter-output>
        </test-method> <!-- ConfigureAppium -->
        <test-method signature="femaleGenderTest(java.util.HashMap)[pri:0, instance:testCases.FormPageTest@798162bc]" started-at="2025-04-14T18:19:29 IST" name="femaleGenderTest" data-provider="userData" finished-at="2025-04-14T18:19:34 IST" duration-ms="4394" status="FAIL">
          <params>
            <param index="0">
              <value>
                <![CDATA[{name=Raj, country=Austria, product=Converse All Star, genderFemale=Female, genderMale=Male}]]>
              </value>
            </param>
          </params>
          <exception class="java.lang.IllegalArgumentException">
            <message>
              <![CDATA[Keys to send should be a not null CharSequence]]>
            </message>
            <full-stacktrace>
              <![CDATA[java.lang.IllegalArgumentException: Keys to send should be a not null CharSequence
at org.openqa.selenium.remote.RemoteWebElement.sendKeys(RemoteWebElement.java:96)
at java.base/jdk.internal.reflect.DirectMethodHandleAccessor.invoke(DirectMethodHandleAccessor.java:103)
at java.base/java.lang.reflect.Method.invoke(Method.java:580)
at io.appium.java_client.pagefactory.ElementInterceptor.getObject(ElementInterceptor.java:42)
at io.appium.java_client.pagefactory.interceptors.InterceptorOfASingleElement.call(InterceptorOfASingleElement.java:79)
at io.appium.java_client.proxy.Interceptor.intercept(Interceptor.java:78)
at org.openqa.selenium.remote.RemoteWebElement$ByteBuddy$7qSzMuHk.sendKeys(Unknown Source)
at AppiumFramework.pageObjects.android.FormPage.setNameField(FormPage.java:46)
at testCases.FormPageTest.femaleGenderTest(FormPageTest.java:48)
at java.base/jdk.internal.reflect.DirectMethodHandleAccessor.invoke(DirectMethodHandleAccessor.java:103)
at java.base/java.lang.reflect.Method.invoke(Method.java:580)
at org.testng.internal.invokers.MethodInvocationHelper.invokeMethod(MethodInvocationHelper.java:141)
at org.testng.internal.invokers.TestInvoker.invokeMethod(TestInvoker.java:686)
at org.testng.internal.invokers.TestInvoker.invokeTestMethod(TestInvoker.java:230)
at org.testng.internal.invokers.MethodRunner.runInSequence(MethodRunner.java:63)
at org.testng.internal.invokers.TestInvoker$MethodInvocationAgent.invoke(TestInvoker.java:992)
at org.testng.internal.invokers.TestInvoker.invokeTestMethods(TestInvoker.java:203)
at org.testng.internal.invokers.TestMethodWorker.invokeTestMethods(TestMethodWorker.java:154)
at org.testng.internal.invokers.TestMethodWorker.run(TestMethodWorker.java:134)
at java.base/java.util.ArrayList.forEach(ArrayList.java:1597)
at org.testng.TestRunner.privateRun(TestRunner.java:739)
at org.testng.TestRunner.run(TestRunner.java:614)
at org.testng.SuiteRunner.runTest(SuiteRunner.java:421)
at org.testng.SuiteRunner.runSequentially(SuiteRunner.java:413)
at org.testng.SuiteRunner.privateRun(SuiteRunner.java:373)
at org.testng.SuiteRunner.run(SuiteRunner.java:312)
at org.testng.SuiteRunnerWorker.runSuite(SuiteRunnerWorker.java:52)
at org.testng.SuiteRunnerWorker.run(SuiteRunnerWorker.java:95)
at org.testng.TestNG.runSuitesSequentially(TestNG.java:1274)
at org.testng.TestNG.runSuitesLocally(TestNG.java:1208)
at org.testng.TestNG.runSuites(TestNG.java:1112)
at org.testng.TestNG.run(TestNG.java:1079)
at org.apache.maven.surefire.testng.TestNGExecutor.run(TestNGExecutor.java:308)
at org.apache.maven.surefire.testng.TestNGXmlTestSuite.execute(TestNGXmlTestSuite.java:71)
at org.apache.maven.surefire.testng.TestNGProvider.invoke(TestNGProvider.java:113)
at org.apache.maven.surefire.booter.ForkedBooter.runSuitesInProcess(ForkedBooter.java:385)
at org.apache.maven.surefire.booter.ForkedBooter.execute(ForkedBooter.java:162)
at org.apache.maven.surefire.booter.ForkedBooter.run(ForkedBooter.java:507)
at org.apache.maven.surefire.booter.ForkedBooter.main(ForkedBooter.java:495)
]]>
            </full-stacktrace>
          </exception> <!-- java.lang.IllegalArgumentException -->
          <reporter-output>
          </reporter-output>
        </test-method> <!-- femaleGenderTest -->
        <test-method is-config="true" signature="TearDownMethod()[pri:0, instance:testCases.FormPageTest@798162bc]" started-at="2025-04-14T18:19:34 IST" name="TearDownMethod" finished-at="2025-04-14T18:19:34 IST" duration-ms="442" status="PASS">
          <reporter-output>
          </reporter-output>
        </test-method> <!-- TearDownMethod -->
        <test-method is-config="true" signature="ConfigureAppium()[pri:0, instance:testCases.FormPageTest@798162bc]" started-at="2025-04-14T18:19:34 IST" name="ConfigureAppium" finished-at="2025-04-14T18:19:47 IST" duration-ms="12771" status="PASS">
          <reporter-output>
          </reporter-output>
        </test-method> <!-- ConfigureAppium -->
        <test-method signature="verifyAppTitle()[pri:0, instance:testCases.FormPageTest@798162bc]" started-at="2025-04-14T18:19:47 IST" name="verifyAppTitle" finished-at="2025-04-14T18:19:49 IST" duration-ms="1785" status="FAIL">
          <exception class="org.openqa.selenium.NoSuchElementException">
            <message>
              <![CDATA[Can't locate an element by this strategy: By.chained({AppiumBy.id: com.androidsample.generalstore:id/toolbar_title})]]>
            </message>
            <full-stacktrace>
              <![CDATA[org.openqa.selenium.NoSuchElementException: Can't locate an element by this strategy: By.chained({AppiumBy.id: com.androidsample.generalstore:id/toolbar_title})
at io.appium.java_client.pagefactory.AppiumElementLocator.findElement(AppiumElementLocator.java:166)
at io.appium.java_client.pagefactory.interceptors.InterceptorOfASingleElement.call(InterceptorOfASingleElement.java:75)
at io.appium.java_client.proxy.Interceptor.intercept(Interceptor.java:78)
at org.openqa.selenium.remote.RemoteWebElement$ByteBuddy$7qSzMuHk.getText(Unknown Source)
at AppiumFramework.pageObjects.android.FormPage.getAppTitle(FormPage.java:75)
at testCases.FormPageTest.verifyAppTitle(FormPageTest.java:58)
at java.base/jdk.internal.reflect.DirectMethodHandleAccessor.invoke(DirectMethodHandleAccessor.java:103)
at java.base/java.lang.reflect.Method.invoke(Method.java:580)
at org.testng.internal.invokers.MethodInvocationHelper.invokeMethod(MethodInvocationHelper.java:141)
at org.testng.internal.invokers.TestInvoker.invokeMethod(TestInvoker.java:686)
at org.testng.internal.invokers.TestInvoker.invokeTestMethod(TestInvoker.java:230)
at org.testng.internal.invokers.MethodRunner.runInSequence(MethodRunner.java:63)
at org.testng.internal.invokers.TestInvoker$MethodInvocationAgent.invoke(TestInvoker.java:992)
at org.testng.internal.invokers.TestInvoker.invokeTestMethods(TestInvoker.java:203)
at org.testng.internal.invokers.TestMethodWorker.invokeTestMethods(TestMethodWorker.java:154)
at org.testng.internal.invokers.TestMethodWorker.run(TestMethodWorker.java:134)
at java.base/java.util.ArrayList.forEach(ArrayList.java:1597)
at org.testng.TestRunner.privateRun(TestRunner.java:739)
at org.testng.TestRunner.run(TestRunner.java:614)
at org.testng.SuiteRunner.runTest(SuiteRunner.java:421)
at org.testng.SuiteRunner.runSequentially(SuiteRunner.java:413)
at org.testng.SuiteRunner.privateRun(SuiteRunner.java:373)
at org.testng.SuiteRunner.run(SuiteRunner.java:312)
at org.testng.SuiteRunnerWorker.runSuite(SuiteRunnerWorker.java:52)
at org.testng.SuiteRunnerWorker.run(SuiteRunnerWorker.java:95)
at org.testng.TestNG.runSuitesSequentially(TestNG.java:1274)
at org.testng.TestNG.runSuitesLocally(TestNG.java:1208)
at org.testng.TestNG.runSuites(TestNG.java:1112)
at org.testng.TestNG.run(TestNG.java:1079)
at org.apache.maven.surefire.testng.TestNGExecutor.run(TestNGExecutor.java:308)
at org.apache.maven.surefire.testng.TestNGXmlTestSuite.execute(TestNGXmlTestSuite.java:71)
at org.apache.maven.surefire.testng.TestNGProvider.invoke(TestNGProvider.java:113)
at org.apache.maven.surefire.booter.ForkedBooter.runSuitesInProcess(ForkedBooter.java:385)
at org.apache.maven.surefire.booter.ForkedBooter.execute(ForkedBooter.java:162)
at org.apache.maven.surefire.booter.ForkedBooter.run(ForkedBooter.java:507)
at org.apache.maven.surefire.booter.ForkedBooter.main(ForkedBooter.java:495)
Caused by: org.openqa.selenium.TimeoutException: Expected condition failed: waiting for io.appium.java_client.pagefactory.AppiumElementLocator$WaitingFunction@3ea9a091 (tried for 1 second(s) with 500 milliseconds interval)
at org.openqa.selenium.support.ui.FluentWait.timeoutException(FluentWait.java:265)
at org.openqa.selenium.support.ui.FluentWait.until(FluentWait.java:228)
at io.appium.java_client.pagefactory.AppiumElementLocator.waitFor(AppiumElementLocator.java:135)
at io.appium.java_client.pagefactory.AppiumElementLocator.findElement(AppiumElementLocator.java:160)
... 35 more
Caused by: org.openqa.selenium.NoSuchElementException: Cannot locate an element using By.chained({AppiumBy.id: com.androidsample.generalstore:id/toolbar_title})
For documentation on this error, please visit: https://www.selenium.dev/documentation/webdriver/troubleshooting/errors#no-such-element-exception
Build info: version: '4.31.0', revision: '1ef9f18787*'
System info: os.name: 'Windows 11', os.arch: 'amd64', os.version: '10.0', java.version: '22.0.2'
Driver info: driver.version: RemoteWebDriver
at io.appium.java_client.pagefactory.bys.builder.ByChained.findElement(ByChained.java:74)
at org.openqa.selenium.remote.ElementLocation$ElementFinder$1.findElement(ElementLocation.java:139)
at org.openqa.selenium.remote.ElementLocation.findElement(ElementLocation.java:59)
at org.openqa.selenium.remote.RemoteWebDriver.findElement(RemoteWebDriver.java:368)
at org.openqa.selenium.remote.RemoteWebDriver.findElement(RemoteWebDriver.java:362)
at io.appium.java_client.pagefactory.bys.ContentMappedBy.findElement(ContentMappedBy.java:54)
at org.openqa.selenium.remote.ElementLocation$ElementFinder$1.findElement(ElementLocation.java:139)
at org.openqa.selenium.remote.ElementLocation.findElement(ElementLocation.java:59)
at org.openqa.selenium.remote.RemoteWebDriver.findElement(RemoteWebDriver.java:368)
at org.openqa.selenium.remote.RemoteWebDriver.findElement(RemoteWebDriver.java:362)
at io.appium.java_client.pagefactory.AppiumElementLocator.lambda$findElement$1(AppiumElementLocator.java:160)
at io.appium.java_client.pagefactory.AppiumElementLocator$WaitingFunction.apply(AppiumElementLocator.java:217)
at io.appium.java_client.pagefactory.AppiumElementLocator$WaitingFunction.apply(AppiumElementLocator.java:210)
at org.openqa.selenium.support.ui.FluentWait.until(FluentWait.java:203)
... 37 more
]]>
            </full-stacktrace>
          </exception> <!-- org.openqa.selenium.NoSuchElementException -->
          <reporter-output>
          </reporter-output>
        </test-method> <!-- verifyAppTitle -->
        <test-method is-config="true" signature="TearDownMethod()[pri:0, instance:testCases.FormPageTest@798162bc]" started-at="2025-04-14T18:19:49 IST" name="TearDownMethod" finished-at="2025-04-14T18:19:49 IST" duration-ms="540" status="PASS">
          <reporter-output>
          </reporter-output>
        </test-method> <!-- TearDownMethod -->
        <test-method is-config="true" signature="ConfigureAppium()[pri:0, instance:testCases.FormPageTest@798162bc]" started-at="2025-04-14T18:19:49 IST" name="ConfigureAppium" finished-at="2025-04-14T18:20:04 IST" duration-ms="14590" status="PASS">
          <reporter-output>
          </reporter-output>
        </test-method> <!-- ConfigureAppium -->
        <test-method signature="verifySubmitButtonEnable()[pri:0, instance:testCases.FormPageTest@798162bc]" started-at="2025-04-14T18:20:04 IST" name="verifySubmitButtonEnable" finished-at="2025-04-14T18:20:08 IST" duration-ms="4468" status="PASS">
          <reporter-output>
          </reporter-output>
        </test-method> <!-- verifySubmitButtonEnable -->
        <test-method is-config="true" signature="TearDownMethod()[pri:0, instance:testCases.FormPageTest@798162bc]" started-at="2025-04-14T18:20:08 IST" name="TearDownMethod" finished-at="2025-04-14T18:20:09 IST" duration-ms="553" status="PASS">
          <reporter-output>
          </reporter-output>
        </test-method> <!-- TearDownMethod -->
      </class> <!-- testCases.FormPageTest -->
      <class name="testCases.ProductPageTest">
        <test-method is-config="true" signature="ConfigureAppium()[pri:0, instance:testCases.ProductPageTest@1df8da7a]" started-at="2025-04-14T18:20:09 IST" name="ConfigureAppium" finished-at="2025-04-14T18:20:23 IST" duration-ms="13798" status="PASS">
          <reporter-output>
          </reporter-output>
        </test-method> <!-- ConfigureAppium -->
        <test-method signature="backButtonEnable(java.util.HashMap)[pri:0, instance:testCases.ProductPageTest@1df8da7a]" started-at="2025-04-14T18:20:23 IST" name="backButtonEnable" data-provider="userData" finished-at="2025-04-14T18:20:39 IST" duration-ms="16314" status="PASS">
          <params>
            <param index="0">
              <value>
                <![CDATA[{name=Raj, country=Austria, product=Converse All Star, genderFemale=Female, genderMale=Male}]]>
              </value>
            </param>
          </params>
          <reporter-output>
          </reporter-output>
        </test-method> <!-- backButtonEnable -->
        <test-method is-config="true" signature="TearDownMethod()[pri:0, instance:testCases.ProductPageTest@1df8da7a]" started-at="2025-04-14T18:20:39 IST" name="TearDownMethod" finished-at="2025-04-14T18:20:40 IST" duration-ms="796" status="PASS">
          <reporter-output>
          </reporter-output>
        </test-method> <!-- TearDownMethod -->
        <test-method is-config="true" signature="ConfigureAppium()[pri:0, instance:testCases.ProductPageTest@1df8da7a]" started-at="2025-04-14T18:20:40 IST" name="ConfigureAppium" finished-at="2025-04-14T18:20:54 IST" duration-ms="13978" status="PASS">
          <reporter-output>
          </reporter-output>
        </test-method> <!-- ConfigureAppium -->
        <test-method signature="counterTextValidation(java.util.HashMap)[pri:0, instance:testCases.ProductPageTest@1df8da7a]" started-at="2025-04-14T18:20:54 IST" name="counterTextValidation" data-provider="userData" finished-at="2025-04-14T18:21:10 IST" duration-ms="15861" status="PASS">
          <params>
            <param index="0">
              <value>
                <![CDATA[{name=Raj, country=Austria, product=Converse All Star, genderFemale=Female, genderMale=Male}]]>
              </value>
            </param>
          </params>
          <reporter-output>
          </reporter-output>
        </test-method> <!-- counterTextValidation -->
        <test-method is-config="true" signature="TearDownMethod()[pri:0, instance:testCases.ProductPageTest@1df8da7a]" started-at="2025-04-14T18:21:10 IST" name="TearDownMethod" finished-at="2025-04-14T18:21:10 IST" duration-ms="509" status="PASS">
          <reporter-output>
          </reporter-output>
        </test-method> <!-- TearDownMethod -->
        <test-method is-config="true" signature="ConfigureAppium()[pri:0, instance:testCases.ProductPageTest@1df8da7a]" started-at="2025-04-14T18:21:10 IST" name="ConfigureAppium" finished-at="2025-04-14T18:21:23 IST" duration-ms="12655" status="PASS">
          <reporter-output>
          </reporter-output>
        </test-method> <!-- ConfigureAppium -->
        <test-method signature="goToCartWithoutAddingProducts(java.util.HashMap)[pri:0, instance:testCases.ProductPageTest@1df8da7a]" started-at="2025-04-14T18:21:23 IST" name="goToCartWithoutAddingProducts" data-provider="userData" finished-at="2025-04-14T18:21:41 IST" duration-ms="17801" status="PASS">
          <params>
            <param index="0">
              <value>
                <![CDATA[{name=Raj, country=Austria, product=Converse All Star, genderFemale=Female, genderMale=Male}]]>
              </value>
            </param>
          </params>
          <reporter-output>
          </reporter-output>
        </test-method> <!-- goToCartWithoutAddingProducts -->
        <test-method is-config="true" signature="TearDownMethod()[pri:0, instance:testCases.ProductPageTest@1df8da7a]" started-at="2025-04-14T18:21:41 IST" name="TearDownMethod" finished-at="2025-04-14T18:21:41 IST" duration-ms="599" status="PASS">
          <reporter-output>
          </reporter-output>
        </test-method> <!-- TearDownMethod -->
        <test-method is-config="true" signature="ConfigureAppium()[pri:0, instance:testCases.ProductPageTest@1df8da7a]" started-at="2025-04-14T18:21:41 IST" name="ConfigureAppium" finished-at="2025-04-14T18:21:56 IST" duration-ms="14457" status="PASS">
          <reporter-output>
          </reporter-output>
        </test-method> <!-- ConfigureAppium -->
        <test-method signature="isProductCostVisible(java.util.HashMap)[pri:0, instance:testCases.ProductPageTest@1df8da7a]" started-at="2025-04-14T18:21:56 IST" name="isProductCostVisible" data-provider="userData" finished-at="2025-04-14T18:22:11 IST" duration-ms="15127" status="PASS">
          <params>
            <param index="0">
              <value>
                <![CDATA[{name=Raj, country=Austria, product=Converse All Star, genderFemale=Female, genderMale=Male}]]>
              </value>
            </param>
          </params>
          <reporter-output>
          </reporter-output>
        </test-method> <!-- isProductCostVisible -->
        <test-method is-config="true" signature="TearDownMethod()[pri:0, instance:testCases.ProductPageTest@1df8da7a]" started-at="2025-04-14T18:22:11 IST" name="TearDownMethod" finished-at="2025-04-14T18:22:11 IST" duration-ms="579" status="PASS">
          <reporter-output>
          </reporter-output>
        </test-method> <!-- TearDownMethod -->
        <test-method is-config="true" signature="ConfigureAppium()[pri:0, instance:testCases.ProductPageTest@1df8da7a]" started-at="2025-04-14T18:22:11 IST" name="ConfigureAppium" finished-at="2025-04-14T18:22:26 IST" duration-ms="14790" status="PASS">
          <reporter-output>
          </reporter-output>
        </test-method> <!-- ConfigureAppium -->
        <test-method signature="isProductIconVisible(java.util.HashMap)[pri:0, instance:testCases.ProductPageTest@1df8da7a]" started-at="2025-04-14T18:22:26 IST" name="isProductIconVisible" data-provider="userData" finished-at="2025-04-14T18:22:42 IST" duration-ms="15830" status="PASS">
          <params>
            <param index="0">
              <value>
                <![CDATA[{name=Raj, country=Austria, product=Converse All Star, genderFemale=Female, genderMale=Male}]]>
              </value>
            </param>
          </params>
          <reporter-output>
          </reporter-output>
        </test-method> <!-- isProductIconVisible -->
        <test-method is-config="true" signature="TearDownMethod()[pri:0, instance:testCases.ProductPageTest@1df8da7a]" started-at="2025-04-14T18:22:42 IST" name="TearDownMethod" finished-at="2025-04-14T18:22:43 IST" duration-ms="710" status="PASS">
          <reporter-output>
          </reporter-output>
        </test-method> <!-- TearDownMethod -->
        <test-method is-config="true" signature="ConfigureAppium()[pri:0, instance:testCases.ProductPageTest@1df8da7a]" started-at="2025-04-14T18:22:43 IST" name="ConfigureAppium" finished-at="2025-04-14T18:22:57 IST" duration-ms="14586" status="PASS">
          <reporter-output>
          </reporter-output>
        </test-method> <!-- ConfigureAppium -->
        <test-method signature="isProductNameVisible(java.util.HashMap)[pri:0, instance:testCases.ProductPageTest@1df8da7a]" started-at="2025-04-14T18:22:57 IST" name="isProductNameVisible" data-provider="userData" finished-at="2025-04-14T18:23:12 IST" duration-ms="14956" status="PASS">
          <params>
            <param index="0">
              <value>
                <![CDATA[{name=Raj, country=Austria, product=Converse All Star, genderFemale=Female, genderMale=Male}]]>
              </value>
            </param>
          </params>
          <reporter-output>
          </reporter-output>
        </test-method> <!-- isProductNameVisible -->
        <test-method is-config="true" signature="TearDownMethod()[pri:0, instance:testCases.ProductPageTest@1df8da7a]" started-at="2025-04-14T18:23:12 IST" name="TearDownMethod" finished-at="2025-04-14T18:23:13 IST" duration-ms="504" status="PASS">
          <reporter-output>
          </reporter-output>
        </test-method> <!-- TearDownMethod -->
        <test-method is-config="true" signature="ConfigureAppium()[pri:0, instance:testCases.ProductPageTest@1df8da7a]" started-at="2025-04-14T18:23:13 IST" name="ConfigureAppium" finished-at="2025-04-14T18:23:28 IST" duration-ms="15024" status="PASS">
          <reporter-output>
          </reporter-output>
        </test-method> <!-- ConfigureAppium -->
        <test-method signature="isProductVisibleInCart(java.util.HashMap)[pri:0, instance:testCases.ProductPageTest@1df8da7a]" started-at="2025-04-14T18:23:28 IST" name="isProductVisibleInCart" data-provider="userData" finished-at="2025-04-14T18:23:45 IST" duration-ms="16864" status="PASS">
          <params>
            <param index="0">
              <value>
                <![CDATA[{name=Raj, country=Austria, product=Converse All Star, genderFemale=Female, genderMale=Male}]]>
              </value>
            </param>
          </params>
          <reporter-output>
          </reporter-output>
        </test-method> <!-- isProductVisibleInCart -->
        <test-method is-config="true" signature="TearDownMethod()[pri:0, instance:testCases.ProductPageTest@1df8da7a]" started-at="2025-04-14T18:23:45 IST" name="TearDownMethod" finished-at="2025-04-14T18:23:45 IST" duration-ms="620" status="PASS">
          <reporter-output>
          </reporter-output>
        </test-method> <!-- TearDownMethod -->
        <test-method is-config="true" signature="ConfigureAppium()[pri:0, instance:testCases.ProductPageTest@1df8da7a]" started-at="2025-04-14T18:23:45 IST" name="ConfigureAppium" finished-at="2025-04-14T18:24:01 IST" duration-ms="15885" status="PASS">
          <reporter-output>
          </reporter-output>
        </test-method> <!-- ConfigureAppium -->
        <test-method signature="scrollAndAddProductIntoCart(java.util.HashMap)[pri:0, instance:testCases.ProductPageTest@1df8da7a]" started-at="2025-04-14T18:24:01 IST" name="scrollAndAddProductIntoCart" data-provider="userData" finished-at="2025-04-14T18:24:22 IST" duration-ms="20962" status="PASS">
          <params>
            <param index="0">
              <value>
                <![CDATA[{name=Raj, country=Austria, product=Converse All Star, genderFemale=Female, genderMale=Male}]]>
              </value>
            </param>
          </params>
          <reporter-output>
          </reporter-output>
        </test-method> <!-- scrollAndAddProductIntoCart -->
        <test-method is-config="true" signature="TearDownMethod()[pri:0, instance:testCases.ProductPageTest@1df8da7a]" started-at="2025-04-14T18:24:22 IST" name="TearDownMethod" finished-at="2025-04-14T18:24:23 IST" duration-ms="576" status="PASS">
          <reporter-output>
          </reporter-output>
        </test-method> <!-- TearDownMethod -->
      </class> <!-- testCases.ProductPageTest -->
      <class name="testCases.CartPageTest">
        <test-method is-config="true" signature="ConfigureAppium()[pri:0, instance:testCases.CartPageTest@69504ae9]" started-at="2025-04-14T18:13:24 IST" name="ConfigureAppium" finished-at="2025-04-14T18:14:12 IST" duration-ms="48495" status="PASS">
          <reporter-output>
          </reporter-output>
        </test-method> <!-- ConfigureAppium -->
        <test-method signature="backButtonVerification(java.util.HashMap)[pri:0, instance:testCases.CartPageTest@69504ae9]" started-at="2025-04-14T18:14:12 IST" name="backButtonVerification" data-provider="userData" finished-at="2025-04-14T18:14:30 IST" duration-ms="18033" status="PASS">
          <params>
            <param index="0">
              <value>
                <![CDATA[{name=Raj, country=Austria, product=Converse All Star, genderFemale=Female, genderMale=Male}]]>
              </value>
            </param>
          </params>
          <reporter-output>
          </reporter-output>
        </test-method> <!-- backButtonVerification -->
        <test-method is-config="true" signature="TearDownMethod()[pri:0, instance:testCases.CartPageTest@69504ae9]" started-at="2025-04-14T18:14:31 IST" name="TearDownMethod" finished-at="2025-04-14T18:14:31 IST" duration-ms="750" status="PASS">
          <reporter-output>
          </reporter-output>
        </test-method> <!-- TearDownMethod -->
        <test-method is-config="true" signature="ConfigureAppium()[pri:0, instance:testCases.CartPageTest@69504ae9]" started-at="2025-04-14T18:14:31 IST" name="ConfigureAppium" finished-at="2025-04-14T18:14:47 IST" duration-ms="15891" status="PASS">
          <reporter-output>
          </reporter-output>
        </test-method> <!-- ConfigureAppium -->
        <test-method signature="isCartVisible(java.util.HashMap)[pri:0, instance:testCases.CartPageTest@69504ae9]" started-at="2025-04-14T18:14:47 IST" name="isCartVisible" data-provider="userData" finished-at="2025-04-14T18:15:04 IST" duration-ms="17086" status="PASS">
          <params>
            <param index="0">
              <value>
                <![CDATA[{name=Raj, country=Austria, product=Converse All Star, genderFemale=Female, genderMale=Male}]]>
              </value>
            </param>
          </params>
          <reporter-output>
          </reporter-output>
        </test-method> <!-- isCartVisible -->
        <test-method is-config="true" signature="TearDownMethod()[pri:0, instance:testCases.CartPageTest@69504ae9]" started-at="2025-04-14T18:15:04 IST" name="TearDownMethod" finished-at="2025-04-14T18:15:05 IST" duration-ms="529" status="PASS">
          <reporter-output>
          </reporter-output>
        </test-method> <!-- TearDownMethod -->
        <test-method is-config="true" signature="ConfigureAppium()[pri:0, instance:testCases.CartPageTest@69504ae9]" started-at="2025-04-14T18:15:05 IST" name="ConfigureAppium" finished-at="2025-04-14T18:15:20 IST" duration-ms="15266" status="PASS">
          <reporter-output>
          </reporter-output>
        </test-method> <!-- ConfigureAppium -->
        <test-method signature="productAmountVerification(java.util.HashMap)[pri:0, instance:testCases.CartPageTest@69504ae9]" started-at="2025-04-14T18:15:20 IST" name="productAmountVerification" data-provider="userData" finished-at="2025-04-14T18:15:37 IST" duration-ms="17114" status="PASS">
          <params>
            <param index="0">
              <value>
                <![CDATA[{name=Raj, country=Austria, product=Converse All Star, genderFemale=Female, genderMale=Male}]]>
              </value>
            </param>
          </params>
          <reporter-output>
          </reporter-output>
        </test-method> <!-- productAmountVerification -->
        <test-method is-config="true" signature="TearDownMethod()[pri:0, instance:testCases.CartPageTest@69504ae9]" started-at="2025-04-14T18:15:37 IST" name="TearDownMethod" finished-at="2025-04-14T18:15:38 IST" duration-ms="458" status="PASS">
          <reporter-output>
          </reporter-output>
        </test-method> <!-- TearDownMethod -->
        <test-method is-config="true" signature="ConfigureAppium()[pri:0, instance:testCases.CartPageTest@69504ae9]" started-at="2025-04-14T18:15:38 IST" name="ConfigureAppium" finished-at="2025-04-14T18:15:53 IST" duration-ms="15316" status="PASS">
          <reporter-output>
          </reporter-output>
        </test-method> <!-- ConfigureAppium -->
        <test-method signature="productInCart(java.util.HashMap)[pri:0, instance:testCases.CartPageTest@69504ae9]" started-at="2025-04-14T18:15:53 IST" name="productInCart" data-provider="userData" finished-at="2025-04-14T18:16:10 IST" duration-ms="17355" status="PASS">
          <params>
            <param index="0">
              <value>
                <![CDATA[{name=Raj, country=Austria, product=Converse All Star, genderFemale=Female, genderMale=Male}]]>
              </value>
            </param>
          </params>
          <reporter-output>
          </reporter-output>
        </test-method> <!-- productInCart -->
        <test-method is-config="true" signature="TearDownMethod()[pri:0, instance:testCases.CartPageTest@69504ae9]" started-at="2025-04-14T18:16:10 IST" name="TearDownMethod" finished-at="2025-04-14T18:16:11 IST" duration-ms="444" status="PASS">
          <reporter-output>
          </reporter-output>
        </test-method> <!-- TearDownMethod -->
        <test-method is-config="true" signature="ConfigureAppium()[pri:0, instance:testCases.CartPageTest@69504ae9]" started-at="2025-04-14T18:16:11 IST" name="ConfigureAppium" finished-at="2025-04-14T18:16:24 IST" duration-ms="13681" status="PASS">
          <reporter-output>
          </reporter-output>
        </test-method> <!-- ConfigureAppium -->
        <test-method signature="productPriceSumVerification(java.util.HashMap)[pri:0, instance:testCases.CartPageTest@69504ae9]" started-at="2025-04-14T18:16:24 IST" name="productPriceSumVerification" data-provider="userData" finished-at="2025-04-14T18:16:42 IST" duration-ms="17638" status="PASS">
          <params>
            <param index="0">
              <value>
                <![CDATA[{name=Raj, country=Austria, product=Converse All Star, genderFemale=Female, genderMale=Male}]]>
              </value>
            </param>
          </params>
          <reporter-output>
          </reporter-output>
        </test-method> <!-- productPriceSumVerification -->
        <test-method is-config="true" signature="TearDownMethod()[pri:0, instance:testCases.CartPageTest@69504ae9]" started-at="2025-04-14T18:16:42 IST" name="TearDownMethod" finished-at="2025-04-14T18:16:43 IST" duration-ms="450" status="PASS">
          <reporter-output>
          </reporter-output>
        </test-method> <!-- TearDownMethod -->
        <test-method is-config="true" signature="ConfigureAppium()[pri:0, instance:testCases.CartPageTest@69504ae9]" started-at="2025-04-14T18:16:43 IST" name="ConfigureAppium" finished-at="2025-04-14T18:16:56 IST" duration-ms="13759" status="PASS">
          <reporter-output>
          </reporter-output>
        </test-method> <!-- ConfigureAppium -->
        <test-method signature="termsAndConditions(java.util.HashMap)[pri:0, instance:testCases.CartPageTest@69504ae9]" started-at="2025-04-14T18:16:56 IST" name="termsAndConditions" data-provider="userData" finished-at="2025-04-14T18:17:20 IST" duration-ms="23264" status="PASS">
          <params>
            <param index="0">
              <value>
                <![CDATA[{name=Raj, country=Austria, product=Converse All Star, genderFemale=Female, genderMale=Male}]]>
              </value>
            </param>
          </params>
          <reporter-output>
          </reporter-output>
        </test-method> <!-- termsAndConditions -->
        <test-method is-config="true" signature="TearDownMethod()[pri:0, instance:testCases.CartPageTest@69504ae9]" started-at="2025-04-14T18:17:20 IST" name="TearDownMethod" finished-at="2025-04-14T18:17:20 IST" duration-ms="410" status="PASS">
          <reporter-output>
          </reporter-output>
        </test-method> <!-- TearDownMethod -->
        <test-method is-config="true" signature="ConfigureAppium()[pri:0, instance:testCases.CartPageTest@69504ae9]" started-at="2025-04-14T18:17:20 IST" name="ConfigureAppium" finished-at="2025-04-14T18:17:34 IST" duration-ms="13937" status="PASS">
          <reporter-output>
          </reporter-output>
        </test-method> <!-- ConfigureAppium -->
        <test-method signature="webViewVerification(java.util.HashMap)[pri:0, instance:testCases.CartPageTest@69504ae9]" started-at="2025-04-14T18:17:34 IST" name="webViewVerification" data-provider="userData" finished-at="2025-04-14T18:17:56 IST" duration-ms="22108" status="PASS">
          <params>
            <param index="0">
              <value>
                <![CDATA[{name=Raj, country=Austria, product=Converse All Star, genderFemale=Female, genderMale=Male}]]>
              </value>
            </param>
          </params>
          <reporter-output>
          </reporter-output>
        </test-method> <!-- webViewVerification -->
        <test-method is-config="true" signature="TearDownMethod()[pri:0, instance:testCases.CartPageTest@69504ae9]" started-at="2025-04-14T18:17:56 IST" name="TearDownMethod" finished-at="2025-04-14T18:17:57 IST" duration-ms="748" status="PASS">
          <reporter-output>
          </reporter-output>
        </test-method> <!-- TearDownMethod -->
      </class> <!-- testCases.CartPageTest -->
    </test> <!-- Test -->
  </suite> <!-- Suite -->
</testng-results>
